Build started 12/24/2011 9:30:43 PM.
     1>Project "E:\Users\Morgan\skynet\SkyrimOnline\Test_PlusPlus\Test_PlusPlus.vcxproj" on node 2 (build target(s)).
     1>PrepareForBuild:
         Creating directory "E:\Users\Morgan\skynet\SkyrimOnline\Tester\".
       InitializeBuildStatus:
         Creating "Tester\Test_PlusPlus.unsuccessfulbuild" because "AlwaysCreate" was specified.
       ClCompile:
         E:\Program Files (x86)\Microsoft Visual Studio 10.0\VC\bin\CL.exe /c /Zi /nologo /W1 /WX- /O2 /Oy- /Gm- /EHsc /MD /GS /fp:precise /Zc:wchar_t /Zc:forScope /Fo"Tester\\" /Fd"Tester\vc100.pdb" /Gd /TP /analyze- /errorReport:prompt stdafx.cpp Test_PlusPlus.cpp
         stdafx.cpp
     1>e:\users\morgan\skynet\skyrimonline\client\src\skyrimonline\src\hipolipolopigus\../stdafx.h(13): warning C4005: '_WIN32_WINNT' : macro redefinition
                 E:\Program Files (x86)\Microsoft SDKs\Windows\v7.0A\include\SDKDDKVer.h(197) : see previous definition of '_WIN32_WINNT'
     1>e:\users\morgan\skynet\skyrimonline\client\src\skyrimonline\src\hipolipolopigus\../stdafx.h(16): fatal error C1083: Cannot open include file: 'boost/asio.hpp': No such file or directory
         Test_PlusPlus.cpp
     1>e:\users\morgan\skynet\skyrimonline\client\src\skyrimonline\src\hipolipolopigus\../stdafx.h(13): warning C4005: '_WIN32_WINNT' : macro redefinition
                 E:\Program Files (x86)\Microsoft SDKs\Windows\v7.0A\include\SDKDDKVer.h(197) : see previous definition of '_WIN32_WINNT'
     1>e:\users\morgan\skynet\skyrimonline\client\src\skyrimonline\src\hipolipolopigus\../stdafx.h(16): fatal error C1083: Cannot open include file: 'boost/asio.hpp': No such file or directory
         Generating Code...
     1>Done Building Project "E:\Users\Morgan\skynet\SkyrimOnline\Test_PlusPlus\Test_PlusPlus.vcxproj" (build target(s)) -- FAILED.

Build FAILED.

Time Elapsed 00:00:03.15
